<?xml version="1.0" encoding="UTF-8"?>
<!-- Generated by org.testng.reporters.JUnitReportReporter -->
<testsuite hostname="shabana-MacBookPro" failures="0" tests="3" name="ExecutePageClasses.ManageExpenseNewTest" time="28.977" errors="0" timestamp="2023-07-05T21:02:22 IST" skipped="0">
  <testcase classname="ExecutePageClasses.ManageExpenseNewTest" name="clickManageExpenseAndIsDisplayedOrNot" time="6.090"/>
  <system-out/>
  <testcase classname="ExecutePageClasses.ManageExpenseNewTest" name="createNewMangeExpense" time="12.532"/>
  <system-out/>
  <testcase classname="ExecutePageClasses.ManageExpenseNewTest" name="searchCreatedNewMangeExpense" time="10.355"/>
  <system-out/>
</testsuite> <!-- ExecutePageClasses.ManageExpenseNewTest -->
