<?xml version="1.0" encoding="UTF-8"?>
<!-- Generated by org.testng.reporters.JUnitReportReporter -->
<testsuite hostname="shabana-MacBookPro" failures="0" tests="1" name="ExecutePageClasses.HomePageTestClass" time="4.684" errors="0" timestamp="2023-07-05T21:02:22 IST" skipped="0">
  <testcase classname="ExecutePageClasses.HomePageTestClass" name="verifyAllTileDisplayed" time="4.684"/>
  <system-out/>
</testsuite> <!-- ExecutePageClasses.HomePageTestClass -->
