<?xml version="1.0" encoding="UTF-8"?>
<!-- Generated by org.testng.reporters.JUnitReportReporter -->
<testsuite hostname="shabana-MacBookPro" failures="0" tests="5" name="ExecutePageClasses.LoginPageTestClass" time="21.903" errors="0" timestamp="2023-07-05T21:02:22 IST" skipped="0">
  <testcase classname="ExecutePageClasses.LoginPageTestClass" name="verifyUnSuccessfulLogin" time="3.956"/>
  <system-out/>
  <testcase classname="ExecutePageClasses.LoginPageTestClass" name="verifyUnSuccessfulLogin" time="3.939"/>
  <system-out/>
  <testcase classname="ExecutePageClasses.LoginPageTestClass" name="verifyUnSuccessfulLogin" time="3.829"/>
  <system-out/>
  <testcase classname="ExecutePageClasses.LoginPageTestClass" name="verifySuccessfulLogin" time="6.918"/>
  <system-out/>
  <testcase classname="ExecutePageClasses.LoginPageTestClass" name="verifyRememberMeCheckBoxIsSlectedOrNot" time="3.261"/>
  <system-out/>
</testsuite> <!-- ExecutePageClasses.LoginPageTestClass -->
